Performing C SOURCE FILE Test HAVE_SSE2 failed with the following output:
Change Dir: /Users/jianshuzhao/Github/parasail-sys/parasail/build/CMakeFiles/CMakeTmp

Run Build Command(s):/usr/bin/make -f Makefile cmTC_46feb/fast && /Library/Developer/CommandLineTools/usr/bin/make  -f CMakeFiles/cmTC_46feb.dir/build.make CMakeFiles/cmTC_46feb.dir/build
Building C object CMakeFiles/cmTC_46feb.dir/src.c.o
/usr/local/bin/cc -DHAVE_SSE2  -arch arm64 -isysroot /Library/Developer/CommandLineTools/SDKs/MacOSX12.3.sdk -fPIE -o CMakeFiles/cmTC_46feb.dir/src.c.o -c /Users/jianshuzhao/Github/parasail-sys/parasail/build/CMakeFiles/CMakeTmp/src.c
/Users/jianshuzhao/Github/parasail-sys/parasail/build/CMakeFiles/CMakeTmp/src.c:5:10: fatal error: emmintrin.h: No such file or directory
    5 | #include <emmintrin.h>
      |          ^~~~~~~~~~~~~
compilation terminated.
make[1]: *** [CMakeFiles/cmTC_46feb.dir/src.c.o] Error 1
make: *** [cmTC_46feb/fast] Error 2


Source file was:

#if defined(_MSC_VER)
#include <intrin.h>
#else
#include <emmintrin.h>
#endif
int foo() {
    __m128i vOne = _mm_set1_epi16(1);
    __m128i result = _mm_add_epi16(vOne,vOne);
    return _mm_extract_epi16(result, 0);
}
int main(void) { return foo(); }

Performing C SOURCE FILE Test HAVE_SSE2 failed with the following output:
Change Dir: /Users/jianshuzhao/Github/parasail-sys/parasail/build/CMakeFiles/CMakeTmp

Run Build Command(s):/usr/bin/make -f Makefile cmTC_79ac2/fast && /Library/Developer/CommandLineTools/usr/bin/make  -f CMakeFiles/cmTC_79ac2.dir/build.make CMakeFiles/cmTC_79ac2.dir/build
Building C object CMakeFiles/cmTC_79ac2.dir/src.c.o
/usr/local/bin/cc -DHAVE_SSE2  -march=core2 -arch arm64 -isysroot /Library/Developer/CommandLineTools/SDKs/MacOSX12.3.sdk -fPIE -o CMakeFiles/cmTC_79ac2.dir/src.c.o -c /Users/jianshuzhao/Github/parasail-sys/parasail/build/CMakeFiles/CMakeTmp/src.c
cc1: error: unknown value 'core2' for '-march'
cc1: note: valid arguments are: armv8-a armv8.1-a armv8.2-a armv8.3-a armv8.4-a armv8.5-a armv8.6-a armv8-r native
make[1]: *** [CMakeFiles/cmTC_79ac2.dir/src.c.o] Error 1
make: *** [cmTC_79ac2/fast] Error 2


Source file was:

#if defined(_MSC_VER)
#include <intrin.h>
#else
#include <emmintrin.h>
#endif
int foo() {
    __m128i vOne = _mm_set1_epi16(1);
    __m128i result = _mm_add_epi16(vOne,vOne);
    return _mm_extract_epi16(result, 0);
}
int main(void) { return foo(); }

Performing C SOURCE FILE Test HAVE_SSE2 failed with the following output:
Change Dir: /Users/jianshuzhao/Github/parasail-sys/parasail/build/CMakeFiles/CMakeTmp

Run Build Command(s):/usr/bin/make -f Makefile cmTC_3b672/fast && /Library/Developer/CommandLineTools/usr/bin/make  -f CMakeFiles/cmTC_3b672.dir/build.make CMakeFiles/cmTC_3b672.dir/build
Building C object CMakeFiles/cmTC_3b672.dir/src.c.o
/usr/local/bin/cc -DHAVE_SSE2  -msse2 -arch arm64 -isysroot /Library/Developer/CommandLineTools/SDKs/MacOSX12.3.sdk -fPIE -o CMakeFiles/cmTC_3b672.dir/src.c.o -c /Users/jianshuzhao/Github/parasail-sys/parasail/build/CMakeFiles/CMakeTmp/src.c
cc: error: unrecognized command-line option '-msse2'
make[1]: *** [CMakeFiles/cmTC_3b672.dir/src.c.o] Error 1
make: *** [cmTC_3b672/fast] Error 2


Source file was:

#if defined(_MSC_VER)
#include <intrin.h>
#else
#include <emmintrin.h>
#endif
int foo() {
    __m128i vOne = _mm_set1_epi16(1);
    __m128i result = _mm_add_epi16(vOne,vOne);
    return _mm_extract_epi16(result, 0);
}
int main(void) { return foo(); }

Performing C SOURCE FILE Test HAVE_SSE41 failed with the following output:
Change Dir: /Users/jianshuzhao/Github/parasail-sys/parasail/build/CMakeFiles/CMakeTmp

Run Build Command(s):/usr/bin/make -f Makefile cmTC_d19a5/fast && /Library/Developer/CommandLineTools/usr/bin/make  -f CMakeFiles/cmTC_d19a5.dir/build.make CMakeFiles/cmTC_d19a5.dir/build
Building C object CMakeFiles/cmTC_d19a5.dir/src.c.o
/usr/local/bin/cc -DHAVE_SSE41  -arch arm64 -isysroot /Library/Developer/CommandLineTools/SDKs/MacOSX12.3.sdk -fPIE -o CMakeFiles/cmTC_d19a5.dir/src.c.o -c /Users/jianshuzhao/Github/parasail-sys/parasail/build/CMakeFiles/CMakeTmp/src.c
/Users/jianshuzhao/Github/parasail-sys/parasail/build/CMakeFiles/CMakeTmp/src.c:5:10: fatal error: smmintrin.h: No such file or directory
    5 | #include <smmintrin.h>
      |          ^~~~~~~~~~~~~
compilation terminated.
make[1]: *** [CMakeFiles/cmTC_d19a5.dir/src.c.o] Error 1
make: *** [cmTC_d19a5/fast] Error 2


Source file was:

#if defined(_MSC_VER)
#include <intrin.h>
#else
#include <smmintrin.h>
#endif
int foo() {
    __m128i vOne = _mm_set1_epi8(1);
    __m128i result =  _mm_max_epi8(vOne,vOne);
    return _mm_extract_epi8(result, 0);
}
int main(void) { return foo(); }

Performing C SOURCE FILE Test HAVE_SSE41 failed with the following output:
Change Dir: /Users/jianshuzhao/Github/parasail-sys/parasail/build/CMakeFiles/CMakeTmp

Run Build Command(s):/usr/bin/make -f Makefile cmTC_38e4c/fast && /Library/Developer/CommandLineTools/usr/bin/make  -f CMakeFiles/cmTC_38e4c.dir/build.make CMakeFiles/cmTC_38e4c.dir/build
Building C object CMakeFiles/cmTC_38e4c.dir/src.c.o
/usr/local/bin/cc -DHAVE_SSE41  -march=corei7 -arch arm64 -isysroot /Library/Developer/CommandLineTools/SDKs/MacOSX12.3.sdk -fPIE -o CMakeFiles/cmTC_38e4c.dir/src.c.o -c /Users/jianshuzhao/Github/parasail-sys/parasail/build/CMakeFiles/CMakeTmp/src.c
cc1: error: unknown value 'corei7' for '-march'
cc1: note: valid arguments are: armv8-a armv8.1-a armv8.2-a armv8.3-a armv8.4-a armv8.5-a armv8.6-a armv8-r native
make[1]: *** [CMakeFiles/cmTC_38e4c.dir/src.c.o] Error 1
make: *** [cmTC_38e4c/fast] Error 2


Source file was:

#if defined(_MSC_VER)
#include <intrin.h>
#else
#include <smmintrin.h>
#endif
int foo() {
    __m128i vOne = _mm_set1_epi8(1);
    __m128i result =  _mm_max_epi8(vOne,vOne);
    return _mm_extract_epi8(result, 0);
}
int main(void) { return foo(); }

Performing C SOURCE FILE Test HAVE_SSE41 failed with the following output:
Change Dir: /Users/jianshuzhao/Github/parasail-sys/parasail/build/CMakeFiles/CMakeTmp

Run Build Command(s):/usr/bin/make -f Makefile cmTC_d778c/fast && /Library/Developer/CommandLineTools/usr/bin/make  -f CMakeFiles/cmTC_d778c.dir/build.make CMakeFiles/cmTC_d778c.dir/build
Building C object CMakeFiles/cmTC_d778c.dir/src.c.o
/usr/local/bin/cc -DHAVE_SSE41  -msse4 -arch arm64 -isysroot /Library/Developer/CommandLineTools/SDKs/MacOSX12.3.sdk -fPIE -o CMakeFiles/cmTC_d778c.dir/src.c.o -c /Users/jianshuzhao/Github/parasail-sys/parasail/build/CMakeFiles/CMakeTmp/src.c
cc: error: unrecognized command-line option '-msse4'
make[1]: *** [CMakeFiles/cmTC_d778c.dir/src.c.o] Error 1
make: *** [cmTC_d778c/fast] Error 2


Source file was:

#if defined(_MSC_VER)
#include <intrin.h>
#else
#include <smmintrin.h>
#endif
int foo() {
    __m128i vOne = _mm_set1_epi8(1);
    __m128i result =  _mm_max_epi8(vOne,vOne);
    return _mm_extract_epi8(result, 0);
}
int main(void) { return foo(); }

Performing C SOURCE FILE Test HAVE_SSE41 failed with the following output:
Change Dir: /Users/jianshuzhao/Github/parasail-sys/parasail/build/CMakeFiles/CMakeTmp

Run Build Command(s):/usr/bin/make -f Makefile cmTC_33314/fast && /Library/Developer/CommandLineTools/usr/bin/make  -f CMakeFiles/cmTC_33314.dir/build.make CMakeFiles/cmTC_33314.dir/build
Building C object CMakeFiles/cmTC_33314.dir/src.c.o
/usr/local/bin/cc -DHAVE_SSE41  -msse4.1 -arch arm64 -isysroot /Library/Developer/CommandLineTools/SDKs/MacOSX12.3.sdk -fPIE -o CMakeFiles/cmTC_33314.dir/src.c.o -c /Users/jianshuzhao/Github/parasail-sys/parasail/build/CMakeFiles/CMakeTmp/src.c
cc: error: unrecognized command-line option '-msse4.1'
make[1]: *** [CMakeFiles/cmTC_33314.dir/src.c.o] Error 1
make: *** [cmTC_33314/fast] Error 2


Source file was:

#if defined(_MSC_VER)
#include <intrin.h>
#else
#include <smmintrin.h>
#endif
int foo() {
    __m128i vOne = _mm_set1_epi8(1);
    __m128i result =  _mm_max_epi8(vOne,vOne);
    return _mm_extract_epi8(result, 0);
}
int main(void) { return foo(); }

Performing C SOURCE FILE Test HAVE_AVX2 failed with the following output:
Change Dir: /Users/jianshuzhao/Github/parasail-sys/parasail/build/CMakeFiles/CMakeTmp

Run Build Command(s):/usr/bin/make -f Makefile cmTC_95f22/fast && /Library/Developer/CommandLineTools/usr/bin/make  -f CMakeFiles/cmTC_95f22.dir/build.make CMakeFiles/cmTC_95f22.dir/build
Building C object CMakeFiles/cmTC_95f22.dir/src.c.o
/usr/local/bin/cc -DHAVE_AVX2  -arch arm64 -isysroot /Library/Developer/CommandLineTools/SDKs/MacOSX12.3.sdk -fPIE -o CMakeFiles/cmTC_95f22.dir/src.c.o -c /Users/jianshuzhao/Github/parasail-sys/parasail/build/CMakeFiles/CMakeTmp/src.c
/Users/jianshuzhao/Github/parasail-sys/parasail/build/CMakeFiles/CMakeTmp/src.c:2:10: fatal error: immintrin.h: No such file or directory
    2 | #include <immintrin.h>
      |          ^~~~~~~~~~~~~
compilation terminated.
make[1]: *** [CMakeFiles/cmTC_95f22.dir/src.c.o] Error 1
make: *** [cmTC_95f22/fast] Error 2


Source file was:

#include <immintrin.h>
void parasail_memset___m256i(__m256i *b, __m256i c, size_t len)
{
    size_t i;
    for (i=0; i<len; ++i) {
        _mm256_store_si256(&b[i], c);
    }
}

int foo() {
    __m256i vOne = _mm256_set1_epi8(1);
    __m256i result =  _mm256_add_epi8(vOne,vOne);
    return _mm_extract_epi16(_mm256_extracti128_si256(result,0),0);
}
int main(void) { return (int)foo(); }

Performing C SOURCE FILE Test HAVE_AVX2 failed with the following output:
Change Dir: /Users/jianshuzhao/Github/parasail-sys/parasail/build/CMakeFiles/CMakeTmp

Run Build Command(s):/usr/bin/make -f Makefile cmTC_eda79/fast && /Library/Developer/CommandLineTools/usr/bin/make  -f CMakeFiles/cmTC_eda79.dir/build.make CMakeFiles/cmTC_eda79.dir/build
Building C object CMakeFiles/cmTC_eda79.dir/src.c.o
/usr/local/bin/cc -DHAVE_AVX2  -march=core-avx2 -arch arm64 -isysroot /Library/Developer/CommandLineTools/SDKs/MacOSX12.3.sdk -fPIE -o CMakeFiles/cmTC_eda79.dir/src.c.o -c /Users/jianshuzhao/Github/parasail-sys/parasail/build/CMakeFiles/CMakeTmp/src.c
cc1: error: unknown value 'core-avx2' for '-march'
cc1: note: valid arguments are: armv8-a armv8.1-a armv8.2-a armv8.3-a armv8.4-a armv8.5-a armv8.6-a armv8-r native
make[1]: *** [CMakeFiles/cmTC_eda79.dir/src.c.o] Error 1
make: *** [cmTC_eda79/fast] Error 2


Source file was:

#include <immintrin.h>
void parasail_memset___m256i(__m256i *b, __m256i c, size_t len)
{
    size_t i;
    for (i=0; i<len; ++i) {
        _mm256_store_si256(&b[i], c);
    }
}

int foo() {
    __m256i vOne = _mm256_set1_epi8(1);
    __m256i result =  _mm256_add_epi8(vOne,vOne);
    return _mm_extract_epi16(_mm256_extracti128_si256(result,0),0);
}
int main(void) { return (int)foo(); }

Performing C SOURCE FILE Test HAVE_AVX2 failed with the following output:
Change Dir: /Users/jianshuzhao/Github/parasail-sys/parasail/build/CMakeFiles/CMakeTmp

Run Build Command(s):/usr/bin/make -f Makefile cmTC_18771/fast && /Library/Developer/CommandLineTools/usr/bin/make  -f CMakeFiles/cmTC_18771.dir/build.make CMakeFiles/cmTC_18771.dir/build
Building C object CMakeFiles/cmTC_18771.dir/src.c.o
/usr/local/bin/cc -DHAVE_AVX2  -mavx2 -arch arm64 -isysroot /Library/Developer/CommandLineTools/SDKs/MacOSX12.3.sdk -fPIE -o CMakeFiles/cmTC_18771.dir/src.c.o -c /Users/jianshuzhao/Github/parasail-sys/parasail/build/CMakeFiles/CMakeTmp/src.c
cc: error: unrecognized command-line option '-mavx2'
make[1]: *** [CMakeFiles/cmTC_18771.dir/src.c.o] Error 1
make: *** [cmTC_18771/fast] Error 2


Source file was:

#include <immintrin.h>
void parasail_memset___m256i(__m256i *b, __m256i c, size_t len)
{
    size_t i;
    for (i=0; i<len; ++i) {
        _mm256_store_si256(&b[i], c);
    }
}

int foo() {
    __m256i vOne = _mm256_set1_epi8(1);
    __m256i result =  _mm256_add_epi8(vOne,vOne);
    return _mm_extract_epi16(_mm256_extracti128_si256(result,0),0);
}
int main(void) { return (int)foo(); }

Performing C SOURCE FILE Test HAVE_XGETBV failed with the following output:
Change Dir: /Users/jianshuzhao/Github/parasail-sys/parasail/build/CMakeFiles/CMakeTmp

Run Build Command(s):/usr/bin/make -f Makefile cmTC_ebff7/fast && /Library/Developer/CommandLineTools/usr/bin/make  -f CMakeFiles/cmTC_ebff7.dir/build.make CMakeFiles/cmTC_ebff7.dir/build
Building C object CMakeFiles/cmTC_ebff7.dir/src.c.o
/usr/local/bin/cc -DHAVE_XGETBV  -arch arm64 -isysroot /Library/Developer/CommandLineTools/SDKs/MacOSX12.3.sdk -fPIE -o CMakeFiles/cmTC_ebff7.dir/src.c.o -c /Users/jianshuzhao/Github/parasail-sys/parasail/build/CMakeFiles/CMakeTmp/src.c
/Users/jianshuzhao/Github/parasail-sys/parasail/build/CMakeFiles/CMakeTmp/src.c: In function 'check_xcr0_ymm':
/Users/jianshuzhao/Github/parasail-sys/parasail/build/CMakeFiles/CMakeTmp/src.c:9:5: error: unknown register name '%edx' in 'asm'
    9 |     __asm__ ("xgetbv" : "=a" (xcr0) : "c" (0) : "%edx" );
      |     ^~~~~~~
make[1]: *** [CMakeFiles/cmTC_ebff7.dir/src.c.o] Error 1
make: *** [cmTC_ebff7/fast] Error 2


Source file was:

#include <stdint.h>
int check_xcr0_ymm()
{
    uint32_t xcr0;
#if defined(_MSC_VER)
    xcr0 = (uint32_t)_xgetbv(0);  /* min VS2010 SP1 compiler is required */
#else
    __asm__ ("xgetbv" : "=a" (xcr0) : "c" (0) : "%edx" );
#endif
    return ((xcr0 & 6) == 6); /* checking if xmm and ymm state are enabled in XCR0 */
}
int main(void) { return check_xcr0_ymm(); }

Performing C SOURCE FILE Test HAVE_ALTIVEC failed with the following output:
Change Dir: /Users/jianshuzhao/Github/parasail-sys/parasail/build/CMakeFiles/CMakeTmp

Run Build Command(s):/usr/bin/make -f Makefile cmTC_6acc0/fast && /Library/Developer/CommandLineTools/usr/bin/make  -f CMakeFiles/cmTC_6acc0.dir/build.make CMakeFiles/cmTC_6acc0.dir/build
Building C object CMakeFiles/cmTC_6acc0.dir/src.c.o
/usr/local/bin/cc -DHAVE_ALTIVEC  -arch arm64 -isysroot /Library/Developer/CommandLineTools/SDKs/MacOSX12.3.sdk -fPIE -o CMakeFiles/cmTC_6acc0.dir/src.c.o -c /Users/jianshuzhao/Github/parasail-sys/parasail/build/CMakeFiles/CMakeTmp/src.c
/Users/jianshuzhao/Github/parasail-sys/parasail/build/CMakeFiles/CMakeTmp/src.c:2:10: fatal error: altivec.h: No such file or directory
    2 | #include <altivec.h>
      |          ^~~~~~~~~~~
compilation terminated.
make[1]: *** [CMakeFiles/cmTC_6acc0.dir/src.c.o] Error 1
make: *** [cmTC_6acc0/fast] Error 2


Source file was:

#include <altivec.h>
vector signed int vec_2sComp (vector signed int x)
{
    vector signed int one = (vector signed int) (1);
    x = vec_nor (x, x);
    x = vec_add (x, one);
    return x;
}
int main(void)
{
    vector signed int two = (vector signed int) (2);
    vector signed int result = vec_2sComp(two);
    return vec_extract(two,0);
}

Performing C SOURCE FILE Test HAVE_ALTIVEC failed with the following output:
Change Dir: /Users/jianshuzhao/Github/parasail-sys/parasail/build/CMakeFiles/CMakeTmp

Run Build Command(s):/usr/bin/make -f Makefile cmTC_66224/fast && /Library/Developer/CommandLineTools/usr/bin/make  -f CMakeFiles/cmTC_66224.dir/build.make CMakeFiles/cmTC_66224.dir/build
Building C object CMakeFiles/cmTC_66224.dir/src.c.o
/usr/local/bin/cc -DHAVE_ALTIVEC  -maltivec -arch arm64 -isysroot /Library/Developer/CommandLineTools/SDKs/MacOSX12.3.sdk -fPIE -o CMakeFiles/cmTC_66224.dir/src.c.o -c /Users/jianshuzhao/Github/parasail-sys/parasail/build/CMakeFiles/CMakeTmp/src.c
cc: error: unrecognized command-line option '-maltivec'
make[1]: *** [CMakeFiles/cmTC_66224.dir/src.c.o] Error 1
make: *** [cmTC_66224/fast] Error 2


Source file was:

#include <altivec.h>
vector signed int vec_2sComp (vector signed int x)
{
    vector signed int one = (vector signed int) (1);
    x = vec_nor (x, x);
    x = vec_add (x, one);
    return x;
}
int main(void)
{
    vector signed int two = (vector signed int) (2);
    vector signed int result = vec_2sComp(two);
    return vec_extract(two,0);
}

Performing C SOURCE FILE Test HAVE_ALTIVEC failed with the following output:
Change Dir: /Users/jianshuzhao/Github/parasail-sys/parasail/build/CMakeFiles/CMakeTmp

Run Build Command(s):/usr/bin/make -f Makefile cmTC_8ec33/fast && /Library/Developer/CommandLineTools/usr/bin/make  -f CMakeFiles/cmTC_8ec33.dir/build.make CMakeFiles/cmTC_8ec33.dir/build
Building C object CMakeFiles/cmTC_8ec33.dir/src.c.o
/usr/local/bin/cc -DHAVE_ALTIVEC  -faltivec -arch arm64 -isysroot /Library/Developer/CommandLineTools/SDKs/MacOSX12.3.sdk -fPIE -o CMakeFiles/cmTC_8ec33.dir/src.c.o -c /Users/jianshuzhao/Github/parasail-sys/parasail/build/CMakeFiles/CMakeTmp/src.c
cc: error: unrecognized command-line option '-faltivec'
make[1]: *** [CMakeFiles/cmTC_8ec33.dir/src.c.o] Error 1
make: *** [cmTC_8ec33/fast] Error 2


Source file was:

#include <altivec.h>
vector signed int vec_2sComp (vector signed int x)
{
    vector signed int one = (vector signed int) (1);
    x = vec_nor (x, x);
    x = vec_add (x, one);
    return x;
}
int main(void)
{
    vector signed int two = (vector signed int) (2);
    vector signed int result = vec_2sComp(two);
    return vec_extract(two,0);
}

Performing C SOURCE FILE Test HAVE___BUILTIN_CPU_INIT failed with the following output:
Change Dir: /Users/jianshuzhao/Github/parasail-sys/parasail/build/CMakeFiles/CMakeTmp

Run Build Command(s):/usr/bin/make -f Makefile cmTC_ccff7/fast && /Library/Developer/CommandLineTools/usr/bin/make  -f CMakeFiles/cmTC_ccff7.dir/build.make CMakeFiles/cmTC_ccff7.dir/build
Building C object CMakeFiles/cmTC_ccff7.dir/src.c.o
/usr/local/bin/cc -DHAVE___BUILTIN_CPU_INIT  -arch arm64 -isysroot /Library/Developer/CommandLineTools/SDKs/MacOSX12.3.sdk -fPIE -o CMakeFiles/cmTC_ccff7.dir/src.c.o -c /Users/jianshuzhao/Github/parasail-sys/parasail/build/CMakeFiles/CMakeTmp/src.c
/Users/jianshuzhao/Github/parasail-sys/parasail/build/CMakeFiles/CMakeTmp/src.c: In function 'main':
/Users/jianshuzhao/Github/parasail-sys/parasail/build/CMakeFiles/CMakeTmp/src.c:1:15: warning: implicit declaration of function '__builtin_cpu_init'; did you mean '__builtin_irint'? [-Wimplicit-function-declaration]
    1 | int main () { __builtin_cpu_init(); return 0; }
      |               ^~~~~~~~~~~~~~~~~~
      |               __builtin_irint
Linking C executable cmTC_ccff7
/opt/homebrew/Cellar/cmake/3.22.3/bin/cmake -E cmake_link_script CMakeFiles/cmTC_ccff7.dir/link.txt --verbose=1
/usr/local/bin/cc  -arch arm64 -isysroot /Library/Developer/CommandLineTools/SDKs/MacOSX12.3.sdk -Wl,-search_paths_first -Wl,-headerpad_max_install_names -L/opt/homebrew/opt/openssl\@1.1/lib  CMakeFiles/cmTC_ccff7.dir/src.c.o -o cmTC_ccff7 
Undefined symbols for architecture arm64:
  "___builtin_cpu_init", referenced from:
      _main in src.c.o
ld: symbol(s) not found for architecture arm64
collect2: error: ld returned 1 exit status
make[1]: *** [cmTC_ccff7] Error 1
make: *** [cmTC_ccff7/fast] Error 2


Source file was:
int main () { __builtin_cpu_init(); return 0; } 
Performing C SOURCE FILE Test HAVE___BUILTIN_CPU_SUPPORTS failed with the following output:
Change Dir: /Users/jianshuzhao/Github/parasail-sys/parasail/build/CMakeFiles/CMakeTmp

Run Build Command(s):/usr/bin/make -f Makefile cmTC_0a76a/fast && /Library/Developer/CommandLineTools/usr/bin/make  -f CMakeFiles/cmTC_0a76a.dir/build.make CMakeFiles/cmTC_0a76a.dir/build
Building C object CMakeFiles/cmTC_0a76a.dir/src.c.o
/usr/local/bin/cc -DHAVE___BUILTIN_CPU_SUPPORTS  -arch arm64 -isysroot /Library/Developer/CommandLineTools/SDKs/MacOSX12.3.sdk -fPIE -o CMakeFiles/cmTC_0a76a.dir/src.c.o -c /Users/jianshuzhao/Github/parasail-sys/parasail/build/CMakeFiles/CMakeTmp/src.c
/Users/jianshuzhao/Github/parasail-sys/parasail/build/CMakeFiles/CMakeTmp/src.c: In function 'main':
/Users/jianshuzhao/Github/parasail-sys/parasail/build/CMakeFiles/CMakeTmp/src.c:1:15: warning: implicit declaration of function '__builtin_cpu_supports'; did you mean '__builtin_isupper'? [-Wimplicit-function-declaration]
    1 | int main () { __builtin_cpu_supports("sse"); return 0; }
      |               ^~~~~~~~~~~~~~~~~~~~~~
      |               __builtin_isupper
Linking C executable cmTC_0a76a
/opt/homebrew/Cellar/cmake/3.22.3/bin/cmake -E cmake_link_script CMakeFiles/cmTC_0a76a.dir/link.txt --verbose=1
/usr/local/bin/cc  -arch arm64 -isysroot /Library/Developer/CommandLineTools/SDKs/MacOSX12.3.sdk -Wl,-search_paths_first -Wl,-headerpad_max_install_names -L/opt/homebrew/opt/openssl\@1.1/lib  CMakeFiles/cmTC_0a76a.dir/src.c.o -o cmTC_0a76a 
Undefined symbols for architecture arm64:
  "___builtin_cpu_supports", referenced from:
      _main in src.c.o
ld: symbol(s) not found for architecture arm64
collect2: error: ld returned 1 exit status
make[1]: *** [cmTC_0a76a] Error 1
make: *** [cmTC_0a76a/fast] Error 2


Source file was:
int main () { __builtin_cpu_supports("sse"); return 0; } 
Determining if the include file windows.h exists failed with the following output:
Change Dir: /Users/jianshuzhao/Github/parasail-sys/parasail/build/CMakeFiles/CMakeTmp

Run Build Command(s):/usr/bin/make -f Makefile cmTC_233ed/fast && /Library/Developer/CommandLineTools/usr/bin/make  -f CMakeFiles/cmTC_233ed.dir/build.make CMakeFiles/cmTC_233ed.dir/build
Building C object CMakeFiles/cmTC_233ed.dir/CheckIncludeFile.c.o
/usr/local/bin/cc  -I/Users/jianshuzhao/Github/parasail-sys/parasail/build/CMakeFiles/CMakeTmp/stdint.h -arch arm64 -isysroot /Library/Developer/CommandLineTools/SDKs/MacOSX12.3.sdk -fPIE -o CMakeFiles/cmTC_233ed.dir/CheckIncludeFile.c.o -c /Users/jianshuzhao/Github/parasail-sys/parasail/build/CMakeFiles/CMakeTmp/CheckIncludeFile.c
/Users/jianshuzhao/Github/parasail-sys/parasail/build/CMakeFiles/CMakeTmp/CheckIncludeFile.c:1:10: fatal error: windows.h: No such file or directory
    1 | #include <windows.h>
      |          ^~~~~~~~~~~
compilation terminated.
make[1]: *** [CMakeFiles/cmTC_233ed.dir/CheckIncludeFile.c.o] Error 1
make: *** [cmTC_233ed/fast] Error 2



Determining if the _aligned_malloc exist failed with the following output:
Change Dir: /Users/jianshuzhao/Github/parasail-sys/parasail/build/CMakeFiles/CMakeTmp

Run Build Command(s):/usr/bin/make -f Makefile cmTC_6d674/fast && /Library/Developer/CommandLineTools/usr/bin/make  -f CMakeFiles/cmTC_6d674.dir/build.make CMakeFiles/cmTC_6d674.dir/build
Building C object CMakeFiles/cmTC_6d674.dir/CheckSymbolExists.c.o
/usr/local/bin/cc  -I/Users/jianshuzhao/Github/parasail-sys/parasail/build/CMakeFiles/CMakeTmp/stdint.h -arch arm64 -isysroot /Library/Developer/CommandLineTools/SDKs/MacOSX12.3.sdk -fPIE -o CMakeFiles/cmTC_6d674.dir/CheckSymbolExists.c.o -c /Users/jianshuzhao/Github/parasail-sys/parasail/build/CMakeFiles/CMakeTmp/CheckSymbolExists.c
/Users/jianshuzhao/Github/parasail-sys/parasail/build/CMakeFiles/CMakeTmp/CheckSymbolExists.c:2:10: fatal error: malloc.h: No such file or directory
    2 | #include <malloc.h>
      |          ^~~~~~~~~~
compilation terminated.
make[1]: *** [CMakeFiles/cmTC_6d674.dir/CheckSymbolExists.c.o] Error 1
make: *** [cmTC_6d674/fast] Error 2


File /Users/jianshuzhao/Github/parasail-sys/parasail/build/CMakeFiles/CMakeTmp/CheckSymbolExists.c:
/* */
#include <malloc.h>

int main(int argc, char** argv)
{
  (void)argv;
#ifndef _aligned_malloc
  return ((int*)(&_aligned_malloc))[argc];
#else
  (void)argc;
  return 0;
#endif
}
Determining if the memalign exist failed with the following output:
Change Dir: /Users/jianshuzhao/Github/parasail-sys/parasail/build/CMakeFiles/CMakeTmp

Run Build Command(s):/usr/bin/make -f Makefile cmTC_8687c/fast && /Library/Developer/CommandLineTools/usr/bin/make  -f CMakeFiles/cmTC_8687c.dir/build.make CMakeFiles/cmTC_8687c.dir/build
Building C object CMakeFiles/cmTC_8687c.dir/CheckSymbolExists.c.o
/usr/local/bin/cc  -I/Users/jianshuzhao/Github/parasail-sys/parasail/build/CMakeFiles/CMakeTmp/stdint.h -arch arm64 -isysroot /Library/Developer/CommandLineTools/SDKs/MacOSX12.3.sdk -fPIE -o CMakeFiles/cmTC_8687c.dir/CheckSymbolExists.c.o -c /Users/jianshuzhao/Github/parasail-sys/parasail/build/CMakeFiles/CMakeTmp/CheckSymbolExists.c
/Users/jianshuzhao/Github/parasail-sys/parasail/build/CMakeFiles/CMakeTmp/CheckSymbolExists.c:2:10: fatal error: malloc.h: No such file or directory
    2 | #include <malloc.h>
      |          ^~~~~~~~~~
compilation terminated.
make[1]: *** [CMakeFiles/cmTC_8687c.dir/CheckSymbolExists.c.o] Error 1
make: *** [cmTC_8687c/fast] Error 2


File /Users/jianshuzhao/Github/parasail-sys/parasail/build/CMakeFiles/CMakeTmp/CheckSymbolExists.c:
/* */
#include <malloc.h>

int main(int argc, char** argv)
{
  (void)argv;
#ifndef memalign
  return ((int*)(&memalign))[argc];
#else
  (void)argc;
  return 0;
#endif
}
Determining if the filelength exist failed with the following output:
Change Dir: /Users/jianshuzhao/Github/parasail-sys/parasail/build/CMakeFiles/CMakeTmp

Run Build Command(s):/usr/bin/make -f Makefile cmTC_6a3e0/fast && /Library/Developer/CommandLineTools/usr/bin/make  -f CMakeFiles/cmTC_6a3e0.dir/build.make CMakeFiles/cmTC_6a3e0.dir/build
Building C object CMakeFiles/cmTC_6a3e0.dir/CheckSymbolExists.c.o
/usr/local/bin/cc  -I/Users/jianshuzhao/Github/parasail-sys/parasail/build/CMakeFiles/CMakeTmp/stdint.h -arch arm64 -isysroot /Library/Developer/CommandLineTools/SDKs/MacOSX12.3.sdk -fPIE -o CMakeFiles/cmTC_6a3e0.dir/CheckSymbolExists.c.o -c /Users/jianshuzhao/Github/parasail-sys/parasail/build/CMakeFiles/CMakeTmp/CheckSymbolExists.c
/Users/jianshuzhao/Github/parasail-sys/parasail/build/CMakeFiles/CMakeTmp/CheckSymbolExists.c:2:10: fatal error: io.h: No such file or directory
    2 | #include <io.h>
      |          ^~~~~~
compilation terminated.
make[1]: *** [CMakeFiles/cmTC_6a3e0.dir/CheckSymbolExists.c.o] Error 1
make: *** [cmTC_6a3e0/fast] Error 2


File /Users/jianshuzhao/Github/parasail-sys/parasail/build/CMakeFiles/CMakeTmp/CheckSymbolExists.c:
/* */
#include <io.h>

int main(int argc, char** argv)
{
  (void)argv;
#ifndef filelength
  return ((int*)(&filelength))[argc];
#else
  (void)argc;
  return 0;
#endif
}
Determining if the GetSystemTimeAsFileTime exist failed with the following output:
Change Dir: /Users/jianshuzhao/Github/parasail-sys/parasail/build/CMakeFiles/CMakeTmp

Run Build Command(s):/usr/bin/make -f Makefile cmTC_a94d8/fast && /Library/Developer/CommandLineTools/usr/bin/make  -f CMakeFiles/cmTC_a94d8.dir/build.make CMakeFiles/cmTC_a94d8.dir/build
Building C object CMakeFiles/cmTC_a94d8.dir/CheckSymbolExists.c.o
/usr/local/bin/cc  -I/Users/jianshuzhao/Github/parasail-sys/parasail/build/CMakeFiles/CMakeTmp/stdint.h -arch arm64 -isysroot /Library/Developer/CommandLineTools/SDKs/MacOSX12.3.sdk -fPIE -o CMakeFiles/cmTC_a94d8.dir/CheckSymbolExists.c.o -c /Users/jianshuzhao/Github/parasail-sys/parasail/build/CMakeFiles/CMakeTmp/CheckSymbolExists.c
/Users/jianshuzhao/Github/parasail-sys/parasail/build/CMakeFiles/CMakeTmp/CheckSymbolExists.c:2:10: fatal error: windows.h: No such file or directory
    2 | #include <windows.h>
      |          ^~~~~~~~~~~
compilation terminated.
make[1]: *** [CMakeFiles/cmTC_a94d8.dir/CheckSymbolExists.c.o] Error 1
make: *** [cmTC_a94d8/fast] Error 2


File /Users/jianshuzhao/Github/parasail-sys/parasail/build/CMakeFiles/CMakeTmp/CheckSymbolExists.c:
/* */
#include <windows.h>

int main(int argc, char** argv)
{
  (void)argv;
#ifndef GetSystemTimeAsFileTime
  return ((int*)(&GetSystemTimeAsFileTime))[argc];
#else
  (void)argc;
  return 0;
#endif
}
Determining if the SetUnhandledExceptionFilter exist failed with the following output:
Change Dir: /Users/jianshuzhao/Github/parasail-sys/parasail/build/CMakeFiles/CMakeTmp

Run Build Command(s):/usr/bin/make -f Makefile cmTC_4751b/fast && /Library/Developer/CommandLineTools/usr/bin/make  -f CMakeFiles/cmTC_4751b.dir/build.make CMakeFiles/cmTC_4751b.dir/build
Building C object CMakeFiles/cmTC_4751b.dir/CheckSymbolExists.c.o
/usr/local/bin/cc  -I/Users/jianshuzhao/Github/parasail-sys/parasail/build/CMakeFiles/CMakeTmp/stdint.h -arch arm64 -isysroot /Library/Developer/CommandLineTools/SDKs/MacOSX12.3.sdk -fPIE -o CMakeFiles/cmTC_4751b.dir/CheckSymbolExists.c.o -c /Users/jianshuzhao/Github/parasail-sys/parasail/build/CMakeFiles/CMakeTmp/CheckSymbolExists.c
/Users/jianshuzhao/Github/parasail-sys/parasail/build/CMakeFiles/CMakeTmp/CheckSymbolExists.c:2:10: fatal error: windows.h: No such file or directory
    2 | #include <windows.h>
      |          ^~~~~~~~~~~
compilation terminated.
make[1]: *** [CMakeFiles/cmTC_4751b.dir/CheckSymbolExists.c.o] Error 1
make: *** [cmTC_4751b/fast] Error 2


File /Users/jianshuzhao/Github/parasail-sys/parasail/build/CMakeFiles/CMakeTmp/CheckSymbolExists.c:
/* */
#include <windows.h>

int main(int argc, char** argv)
{
  (void)argv;
#ifndef SetUnhandledExceptionFilter
  return ((int*)(&SetUnhandledExceptionFilter))[argc];
#else
  (void)argc;
  return 0;
#endif
}
Determining if the function clock_gettime exists in the rt failed with the following output:
Change Dir: /Users/jianshuzhao/Github/parasail-sys/parasail/build/CMakeFiles/CMakeTmp

Run Build Command(s):/usr/bin/make -f Makefile cmTC_0f7ea/fast && /Library/Developer/CommandLineTools/usr/bin/make  -f CMakeFiles/cmTC_0f7ea.dir/build.make CMakeFiles/cmTC_0f7ea.dir/build
Building C object CMakeFiles/cmTC_0f7ea.dir/CheckFunctionExists.c.o
/usr/local/bin/cc   -DCHECK_FUNCTION_EXISTS=clock_gettime -arch arm64 -isysroot /Library/Developer/CommandLineTools/SDKs/MacOSX12.3.sdk -fPIE -o CMakeFiles/cmTC_0f7ea.dir/CheckFunctionExists.c.o -c /opt/homebrew/Cellar/cmake/3.22.3/share/cmake/Modules/CheckFunctionExists.c
Linking C executable cmTC_0f7ea
/opt/homebrew/Cellar/cmake/3.22.3/bin/cmake -E cmake_link_script CMakeFiles/cmTC_0f7ea.dir/link.txt --verbose=1
/usr/local/bin/cc  -DCHECK_FUNCTION_EXISTS=clock_gettime -arch arm64 -isysroot /Library/Developer/CommandLineTools/SDKs/MacOSX12.3.sdk -Wl,-search_paths_first -Wl,-headerpad_max_install_names -L/opt/homebrew/opt/openssl\@1.1/lib  CMakeFiles/cmTC_0f7ea.dir/CheckFunctionExists.c.o -o cmTC_0f7ea  -lrt 
ld: library not found for -lrt
collect2: error: ld returned 1 exit status
make[1]: *** [cmTC_0f7ea] Error 1
make: *** [cmTC_0f7ea/fast] Error 2



Performing C SOURCE FILE Test INT64_LITERAL_SUFFIX_I64 failed with the following output:
Change Dir: /Users/jianshuzhao/Github/parasail-sys/parasail/build/CMakeFiles/CMakeTmp

Run Build Command(s):/usr/bin/make -f Makefile cmTC_10425/fast && /Library/Developer/CommandLineTools/usr/bin/make  -f CMakeFiles/cmTC_10425.dir/build.make CMakeFiles/cmTC_10425.dir/build
Building C object CMakeFiles/cmTC_10425.dir/src.c.o
/usr/local/bin/cc -DINT64_LITERAL_SUFFIX_I64 -I/Users/jianshuzhao/Github/parasail-sys/parasail/build/CMakeFiles/CMakeTmp/stdint.h -arch arm64 -isysroot /Library/Developer/CommandLineTools/SDKs/MacOSX12.3.sdk -fPIE -o CMakeFiles/cmTC_10425.dir/src.c.o -c /Users/jianshuzhao/Github/parasail-sys/parasail/build/CMakeFiles/CMakeTmp/src.c
/Users/jianshuzhao/Github/parasail-sys/parasail/build/CMakeFiles/CMakeTmp/src.c: In function 'main':
/Users/jianshuzhao/Github/parasail-sys/parasail/build/CMakeFiles/CMakeTmp/src.c:3:21: error: invalid suffix "i64" on integer constant
    3 |     long long val = 116444736000000000i64;
      |                     ^~~~~~~~~~~~~~~~~~~~~
make[1]: *** [CMakeFiles/cmTC_10425.dir/src.c.o] Error 1
make: *** [cmTC_10425/fast] Error 2


Source file was:

int main(void) {
    long long val = 116444736000000000i64;
    return 0;
}

